<?xml version="1.0" encoding="UTF-8"?>
<!-- Generated by org.testng.reporters.JUnitXMLReporter -->
<testsuite hostname="WKWIN3778446" name="Surefire test" tests="1" failures="0" timestamp="23 Jul 2019 17:17:37 GMT" time="53.439" errors="0">
  <testcase name="@BeforeTest beforeTest" time="0.0" classname="testng.NewTest">
    <failure type="org.openqa.selenium.WebDriverException" message="Failed to connect to binary FirefoxBinary(C:\Program Files\Mozilla Firefox\firefox.exe) on port 7055; process output follows: 
[[]],&amp;quot;onMessage&amp;quot;:[[]]}}}}},&amp;quot;staged&amp;quot;:{},&amp;quot;path&amp;quot;:&amp;quot;C:\\Program Files\\Mozilla Firefox\\browser\\features&amp;quot;}}
1563902211552	addons.xpi	DEBUG	Ignoring file: name is not a valid add-on ID: C:\Users\abhchauh0\AppData\Local\Temp\anonymous2892427950168710642webdriver-profile\extensions\webdriver-staging
1563902211554	addons.xpi	DEBUG	Existing add-on formautofill@mozilla.org in app-system-defaults
1563902211554	addons.xpi	DEBUG	Existing add-on fxmonitor@mozilla.org in app-system-defaults
1563902211555	addons.xpi	DEBUG	Existing add-on screenshots@mozilla.org in app-system-defaults
1563902211555	addons.xpi	DEBUG	Existing add-on webcompat-reporter@mozilla.org in app-system-defaults
1563902211556	addons.xpi	DEBUG	Existing add-on webcompat@mozilla.org in app-system-defaults
1563902211557	addons.xpi	DEBUG	scanForChanges changed: false, state: {}
1563902211558	addons.xpi	DEBUG	No changes found
1563902211567	addons.xpi	DEBUG	Loading bootstrap scope from jar:file:///C:/Program%20Files/Mozilla%20Firefox/browser/features/formautofill@mozilla.org.xpi!/
1563902211583	addons.xpi	DEBUG	Calling bootstrap method startup on formautofill@mozilla.org version 1.0
1563902211586	addons.xpi	DEBUG	Loading bootstrap scope from jar:file:///C:/Program%20Files/Mozilla%20Firefox/browser/features/fxmonitor@mozilla.org.xpi!/
1563902211586	addons.xpi	DEBUG	Calling bootstrap method startup on fxmonitor@mozilla.org version 3.0
1563902211587	addons.xpi	DEBUG	Loading bootstrap scope from jar:file:///C:/Program%20Files/Mozilla%20Firefox/browser/features/screenshots@mozilla.org.xpi!/
1563902211587	addons.xpi	DEBUG	Calling bootstrap method startup on screenshots@mozilla.org version 37.1.0
1563902211588	addons.xpi	DEBUG	Loading bootstrap scope from jar:file:///C:/Program%20Files/Mozilla%20Firefox/browser/features/webcompat@mozilla.org.xpi!/
1563902211588	addons.xpi	DEBUG	Calling bootstrap method startup on webcompat@mozilla.org version 4.0.0
1563902211591	addons.manager	DEBUG	Registering shutdown blocker for XPIProvider
1563902211591	addons.manager	DEBUG	Provider finished startup: XPIProvider
1563902211591	addons.manager	DEBUG	Starting provider: LightweightThemeManager
1563902211591	addons.manager	DEBUG	Registering shutdown blocker for LightweightThemeManager
1563902211591	addons.manager	DEBUG	Provider finished startup: LightweightThemeManager
1563902211592	addons.manager	DEBUG	Starting provider: GMPProvider
1563902211596	addons.manager	DEBUG	Registering shutdown blocker for GMPProvider
1563902211596	addons.manager	DEBUG	Provider finished startup: GMPProvider
1563902211596	addons.manager	DEBUG	Starting provider: PluginProvider
1563902211596	addons.manager	DEBUG	Registering shutdown blocker for PluginProvider
1563902211596	addons.manager	DEBUG	Provider finished startup: PluginProvider
1563902211609	addons.manager	DEBUG	Completed startup sequence
*** Blocklist::_loadFileInternal: blocklist is disabled
1563902213449	addons.xpi-utils	DEBUG	Starting async load of XPI database C:\Users\abhchauh0\AppData\Local\Temp\anonymous2892427950168710642webdriver-profile\extensions.json
1563902213498	addons.xpi	DEBUG	Ignoring file: name is not a valid add-on ID: C:\Users\abhchauh0\AppData\Local\Temp\anonymous2892427950168710642webdriver-profile\extensions\webdriver-staging
1563902213500	addons.xpi	DEBUG	Existing add-on formautofill@mozilla.org in app-system-defaults
1563902213501	addons.xpi	DEBUG	Existing add-on fxmonitor@mozilla.org in app-system-defaults
1563902213501	addons.xpi	DEBUG	Existing add-on screenshots@mozilla.org in app-system-defaults
1563902213501	addons.xpi	DEBUG	Existing add-on webcompat-reporter@mozilla.org in app-system-defaults
1563902213501	addons.xpi	DEBUG	Existing add-on webcompat@mozilla.org in app-system-defaults
1563902213502	addons.xpi	DEBUG	scanForChanges changed: false, state: {}
1563902213709	addons.xpi-utils	DEBUG	Finished async read of XPI database, parsing...
1563902214021	addons.xpi-utils	DEBUG	Successfully read XPI database
1563902214631	addons.manager	DEBUG	Registering upgrade listener for formautofill@mozilla.org

Build info: version: &amp;apos;2.45.0&amp;apos;, revision: &amp;apos;5017cb8e7ca8e37638dc3091b2440b90a1d8686f&amp;apos;, time: &amp;apos;2015-02-27 09:10:26&amp;apos;
System info: host: &amp;apos;WKWIN3778446&amp;apos;, ip: &amp;apos;10.0.75.1&amp;apos;, os.name: &amp;apos;Windows 10&amp;apos;, os.arch: &amp;apos;amd64&amp;apos;, os.version: &amp;apos;10.0&amp;apos;, java.version: &amp;apos;1.8.0_181&amp;apos;
Driver info: driver.version: FirefoxDriver">
      <![CDATA[org.openqa.selenium.WebDriverException: Failed to connect to binary FirefoxBinary(C:\Program Files\Mozilla Firefox\firefox.exe) on port 7055; process output follows: 
[[]],"onMessage":[[]]}}}}},"staged":{},"path":"C:\\Program Files\\Mozilla Firefox\\browser\\features"}}
1563902211552	addons.xpi	DEBUG	Ignoring file: name is not a valid add-on ID: C:\Users\abhchauh0\AppData\Local\Temp\anonymous2892427950168710642webdriver-profile\extensions\webdriver-staging
1563902211554	addons.xpi	DEBUG	Existing add-on formautofill@mozilla.org in app-system-defaults
1563902211554	addons.xpi	DEBUG	Existing add-on fxmonitor@mozilla.org in app-system-defaults
1563902211555	addons.xpi	DEBUG	Existing add-on screenshots@mozilla.org in app-system-defaults
1563902211555	addons.xpi	DEBUG	Existing add-on webcompat-reporter@mozilla.org in app-system-defaults
1563902211556	addons.xpi	DEBUG	Existing add-on webcompat@mozilla.org in app-system-defaults
1563902211557	addons.xpi	DEBUG	scanForChanges changed: false, state: {}
1563902211558	addons.xpi	DEBUG	No changes found
1563902211567	addons.xpi	DEBUG	Loading bootstrap scope from jar:file:///C:/Program%20Files/Mozilla%20Firefox/browser/features/formautofill@mozilla.org.xpi!/
1563902211583	addons.xpi	DEBUG	Calling bootstrap method startup on formautofill@mozilla.org version 1.0
1563902211586	addons.xpi	DEBUG	Loading bootstrap scope from jar:file:///C:/Program%20Files/Mozilla%20Firefox/browser/features/fxmonitor@mozilla.org.xpi!/
1563902211586	addons.xpi	DEBUG	Calling bootstrap method startup on fxmonitor@mozilla.org version 3.0
1563902211587	addons.xpi	DEBUG	Loading bootstrap scope from jar:file:///C:/Program%20Files/Mozilla%20Firefox/browser/features/screenshots@mozilla.org.xpi!/
1563902211587	addons.xpi	DEBUG	Calling bootstrap method startup on screenshots@mozilla.org version 37.1.0
1563902211588	addons.xpi	DEBUG	Loading bootstrap scope from jar:file:///C:/Program%20Files/Mozilla%20Firefox/browser/features/webcompat@mozilla.org.xpi!/
1563902211588	addons.xpi	DEBUG	Calling bootstrap method startup on webcompat@mozilla.org version 4.0.0
1563902211591	addons.manager	DEBUG	Registering shutdown blocker for XPIProvider
1563902211591	addons.manager	DEBUG	Provider finished startup: XPIProvider
1563902211591	addons.manager	DEBUG	Starting provider: LightweightThemeManager
1563902211591	addons.manager	DEBUG	Registering shutdown blocker for LightweightThemeManager
1563902211591	addons.manager	DEBUG	Provider finished startup: LightweightThemeManager
1563902211592	addons.manager	DEBUG	Starting provider: GMPProvider
1563902211596	addons.manager	DEBUG	Registering shutdown blocker for GMPProvider
1563902211596	addons.manager	DEBUG	Provider finished startup: GMPProvider
1563902211596	addons.manager	DEBUG	Starting provider: PluginProvider
1563902211596	addons.manager	DEBUG	Registering shutdown blocker for PluginProvider
1563902211596	addons.manager	DEBUG	Provider finished startup: PluginProvider
1563902211609	addons.manager	DEBUG	Completed startup sequence
*** Blocklist::_loadFileInternal: blocklist is disabled
1563902213449	addons.xpi-utils	DEBUG	Starting async load of XPI database C:\Users\abhchauh0\AppData\Local\Temp\anonymous2892427950168710642webdriver-profile\extensions.json
1563902213498	addons.xpi	DEBUG	Ignoring file: name is not a valid add-on ID: C:\Users\abhchauh0\AppData\Local\Temp\anonymous2892427950168710642webdriver-profile\extensions\webdriver-staging
1563902213500	addons.xpi	DEBUG	Existing add-on formautofill@mozilla.org in app-system-defaults
1563902213501	addons.xpi	DEBUG	Existing add-on fxmonitor@mozilla.org in app-system-defaults
1563902213501	addons.xpi	DEBUG	Existing add-on screenshots@mozilla.org in app-system-defaults
1563902213501	addons.xpi	DEBUG	Existing add-on webcompat-reporter@mozilla.org in app-system-defaults
1563902213501	addons.xpi	DEBUG	Existing add-on webcompat@mozilla.org in app-system-defaults
1563902213502	addons.xpi	DEBUG	scanForChanges changed: false, state: {}
1563902213709	addons.xpi-utils	DEBUG	Finished async read of XPI database, parsing...
1563902214021	addons.xpi-utils	DEBUG	Successfully read XPI database
1563902214631	addons.manager	DEBUG	Registering upgrade listener for formautofill@mozilla.org

Build info: version: '2.45.0', revision: '5017cb8e7ca8e37638dc3091b2440b90a1d8686f', time: '2015-02-27 09:10:26'
System info: host: 'WKWIN3778446', ip: '10.0.75.1', os.name: 'Windows 10', os.arch: 'amd64', os.version: '10.0', java.version: '1.8.0_181'
Driver info: driver.version: FirefoxDriver
	at org.openqa.selenium.firefox.internal.NewProfileExtensionConnection.start(NewProfileExtensionConnection.java:130)
	at org.openqa.selenium.firefox.FirefoxDriver.startClient(FirefoxDriver.java:246)
	at org.openqa.selenium.remote.RemoteWebDriver.<init>(RemoteWebDriver.java:114)
	at org.openqa.selenium.firefox.FirefoxDriver.<init>(FirefoxDriver.java:191)
	at org.openqa.selenium.firefox.FirefoxDriver.<init>(FirefoxDriver.java:186)
	at org.openqa.selenium.firefox.FirefoxDriver.<init>(FirefoxDriver.java:182)
	at org.openqa.selenium.firefox.FirefoxDriver.<init>(FirefoxDriver.java:95)
	at testng.NewTest.beforeTest(NewTest.java:19)
	at org.apache.maven.surefire.testng.TestNGExecutor.run(TestNGExecutor.java:135)
	at org.apache.maven.surefire.testng.TestNGDirectoryTestSuite.executeSingleClass(TestNGDirectoryTestSuite.java:112)
	at org.apache.maven.surefire.testng.TestNGDirectoryTestSuite.execute(TestNGDirectoryTestSuite.java:99)
	at org.apache.maven.surefire.testng.TestNGProvider.invoke(TestNGProvider.java:146)
	at org.apache.maven.surefire.booter.ForkedBooter.invokeProviderInSameClassLoader(ForkedBooter.java:384)
	at org.apache.maven.surefire.booter.ForkedBooter.runSuitesInProcess(ForkedBooter.java:345)
	at org.apache.maven.surefire.booter.ForkedBooter.execute(ForkedBooter.java:126)
	at org.apache.maven.surefire.booter.ForkedBooter.main(ForkedBooter.java:418)
Caused by: org.openqa.selenium.firefox.NotConnectedException: Unable to connect to host 127.0.0.1 on port 7055 after 45000 ms. Firefox console output:
[[]],"onMessage":[[]]}}}}},"staged":{},"path":"C:\\Program Files\\Mozilla Firefox\\browser\\features"}}
1563902211552	addons.xpi	DEBUG	Ignoring file: name is not a valid add-on ID: C:\Users\abhchauh0\AppData\Local\Temp\anonymous2892427950168710642webdriver-profile\extensions\webdriver-staging
1563902211554	addons.xpi	DEBUG	Existing add-on formautofill@mozilla.org in app-system-defaults
1563902211554	addons.xpi	DEBUG	Existing add-on fxmonitor@mozilla.org in app-system-defaults
1563902211555	addons.xpi	DEBUG	Existing add-on screenshots@mozilla.org in app-system-defaults
1563902211555	addons.xpi	DEBUG	Existing add-on webcompat-reporter@mozilla.org in app-system-defaults
1563902211556	addons.xpi	DEBUG	Existing add-on webcompat@mozilla.org in app-system-defaults
1563902211557	addons.xpi	DEBUG	scanForChanges changed: false, state: {}
1563902211558	addons.xpi	DEBUG	No changes found
1563902211567	addons.xpi	DEBUG	Loading bootstrap scope from jar:file:///C:/Program%20Files/Mozilla%20Firefox/browser/features/formautofill@mozilla.org.xpi!/
1563902211583	addons.xpi	DEBUG	Calling bootstrap method startup on formautofill@mozilla.org version 1.0
1563902211586	addons.xpi	DEBUG	Loading bootstrap scope from jar:file:///C:/Program%20Files/Mozilla%20Firefox/browser/features/fxmonitor@mozilla.org.xpi!/
1563902211586	addons.xpi	DEBUG	Calling bootstrap method startup on fxmonitor@mozilla.org version 3.0
1563902211587	addons.xpi	DEBUG	Loading bootstrap scope from jar:file:///C:/Program%20Files/Mozilla%20Firefox/browser/features/screenshots@mozilla.org.xpi!/
1563902211587	addons.xpi	DEBUG	Calling bootstrap method startup on screenshots@mozilla.org version 37.1.0
1563902211588	addons.xpi	DEBUG	Loading bootstrap scope from jar:file:///C:/Program%20Files/Mozilla%20Firefox/browser/features/webcompat@mozilla.org.xpi!/
1563902211588	addons.xpi	DEBUG	Calling bootstrap method startup on webcompat@mozilla.org version 4.0.0
1563902211591	addons.manager	DEBUG	Registering shutdown blocker for XPIProvider
1563902211591	addons.manager	DEBUG	Provider finished startup: XPIProvider
1563902211591	addons.manager	DEBUG	Starting provider: LightweightThemeManager
1563902211591	addons.manager	DEBUG	Registering shutdown blocker for LightweightThemeManager
1563902211591	addons.manager	DEBUG	Provider finished startup: LightweightThemeManager
1563902211592	addons.manager	DEBUG	Starting provider: GMPProvider
1563902211596	addons.manager	DEBUG	Registering shutdown blocker for GMPProvider
1563902211596	addons.manager	DEBUG	Provider finished startup: GMPProvider
1563902211596	addons.manager	DEBUG	Starting provider: PluginProvider
1563902211596	addons.manager	DEBUG	Registering shutdown blocker for PluginProvider
1563902211596	addons.manager	DEBUG	Provider finished startup: PluginProvider
1563902211609	addons.manager	DEBUG	Completed startup sequence
*** Blocklist::_loadFileInternal: blocklist is disabled
1563902213449	addons.xpi-utils	DEBUG	Starting async load of XPI database C:\Users\abhchauh0\AppData\Local\Temp\anonymous2892427950168710642webdriver-profile\extensions.json
1563902213498	addons.xpi	DEBUG	Ignoring file: name is not a valid add-on ID: C:\Users\abhchauh0\AppData\Local\Temp\anonymous2892427950168710642webdriver-profile\extensions\webdriver-staging
1563902213500	addons.xpi	DEBUG	Existing add-on formautofill@mozilla.org in app-system-defaults
1563902213501	addons.xpi	DEBUG	Existing add-on fxmonitor@mozilla.org in app-system-defaults
1563902213501	addons.xpi	DEBUG	Existing add-on screenshots@mozilla.org in app-system-defaults
1563902213501	addons.xpi	DEBUG	Existing add-on webcompat-reporter@mozilla.org in app-system-defaults
1563902213501	addons.xpi	DEBUG	Existing add-on webcompat@mozilla.org in app-system-defaults
1563902213502	addons.xpi	DEBUG	scanForChanges changed: false, state: {}
1563902213709	addons.xpi-utils	DEBUG	Finished async read of XPI database, parsing...
1563902214021	addons.xpi-utils	DEBUG	Successfully read XPI database
1563902214631	addons.manager	DEBUG	Registering upgrade listener for formautofill@mozilla.org

	at org.openqa.selenium.firefox.internal.NewProfileExtensionConnection.start(NewProfileExtensionConnection.java:118)
	... 34 more
... Removed 19 stack frames]]>
    </failure>
  </testcase> <!-- @BeforeTest beforeTest -->
  <testcase name="@AfterTest afterTest" time="0.0" classname="testng.NewTest">
    <skipped/>
  </testcase> <!-- @AfterTest afterTest -->
  <testcase name="testEasy" time="0.002" classname="testng.NewTest">
    <skipped/>
  </testcase> <!-- testEasy -->
</testsuite> <!-- Surefire test -->
