<?xml version="1.0" encoding="UTF-8"?>
<testng-results skipped="0" failed="0" total="1" passed="1">
  <reporter-output>
  </reporter-output>
  <suite name="Surefire suite" duration-ms="18358" started-at="2019-07-23T18:07:53Z" finished-at="2019-07-23T18:08:12Z">
    <groups>
    </groups>
    <test name="Surefire test" duration-ms="18358" started-at="2019-07-23T18:07:53Z" finished-at="2019-07-23T18:08:12Z">
      <class name="testng.NewTest">
        <test-method status="PASS" signature="beforeTest()[pri:0, instance:testng.NewTest@13fee20c]" name="beforeTest" is-config="true" duration-ms="7410" started-at="2019-07-23T23:37:53Z" finished-at="2019-07-23T23:38:01Z">
          <reporter-output>
          </reporter-output>
        </test-method> <!-- beforeTest -->
        <test-method status="PASS" signature="testEasy()[pri:0, instance:testng.NewTest@13fee20c]" name="testEasy" duration-ms="6525" started-at="2019-07-23T23:38:01Z" finished-at="2019-07-23T23:38:07Z">
          <reporter-output>
          </reporter-output>
        </test-method> <!-- testEasy -->
        <test-method status="PASS" signature="afterTest()[pri:0, instance:testng.NewTest@13fee20c]" name="afterTest" is-config="true" duration-ms="4411" started-at="2019-07-23T23:38:07Z" finished-at="2019-07-23T23:38:12Z">
          <reporter-output>
          </reporter-output>
        </test-method> <!-- afterTest -->
      </class> <!-- testng.NewTest -->
    </test> <!-- Surefire test -->
  </suite> <!-- Surefire suite -->
</testng-results>
