<?xml version="1.0" encoding="UTF-8"?>
<testsuite xmlns:xsi="http://www.w3.org/2001/XMLSchema-instance" xsi:noNamespaceSchemaLocation="https://maven.apache.org/surefire/maven-surefire-plugin/xsd/surefire-test-report-3.0.xsd" version="3.0" name="testng.NewTest" time="55.594" tests="3" errors="0" skipped="2" failures="1">
  <properties>
[...]
</properties>
  <testcase name="beforeTest" classname="testng.NewTest" time="55.593">
    <failure message="Failed to connect to binary FirefoxBinary(C:\Program Files\Mozilla Firefox\firefox.exe) on port 7055; process output follows: &#10;[[]],&quot;onMessage&quot;:[[]]}}}}},&quot;staged&quot;:{},&quot;path&quot;:&quot;C:\\Program Files\\Mozilla Firefox\\browser\\features&quot;}}&#10;1563902211552	addons.xpi	DEBUG	Ignoring file: name is not a valid add-on ID: C:\Users\abhchauh0\AppData\Local\Temp\anonymous2892427950168710642webdriver-profile\extensions\webdriver-staging&#10;1563902211554	addons.xpi	DEBUG	Existing add-on formautofill@mozilla.org in app-system-defaults&#10;1563902211554	addons.xpi	DEBUG	Existing add-on fxmonitor@mozilla.org in app-system-defaults&#10;1563902211555	addons.xpi	DEBUG	Existing add-on screenshots@mozilla.org in app-system-defaults&#10;1563902211555	addons.xpi	DEBUG	Existing add-on webcompat-reporter@mozilla.org in app-system-defaults&#10;1563902211556	addons.xpi	DEBUG	Existing add-on webcompat@mozilla.org in app-system-defaults&#10;1563902211557	addons.xpi	DEBUG	scanForChanges changed: false, state: {}&#10;1563902211558	addons.xpi	DEBUG	No changes found&#10;1563902211567	addons.xpi	DEBUG	Loading bootstrap scope from jar:file:///C:/Program%20Files/Mozilla%20Firefox/browser/features/formautofill@mozilla.org.xpi!/&#10;1563902211583	addons.xpi	DEBUG	Calling bootstrap method startup on formautofill@mozilla.org version 1.0&#10;1563902211586	addons.xpi	DEBUG	Loading bootstrap scope from jar:file:///C:/Program%20Files/Mozilla%20Firefox/browser/features/fxmonitor@mozilla.org.xpi!/&#10;1563902211586	addons.xpi	DEBUG	Calling bootstrap method startup on fxmonitor@mozilla.org version 3.0&#10;1563902211587	addons.xpi	DEBUG	Loading bootstrap scope from jar:file:///C:/Program%20Files/Mozilla%20Firefox/browser/features/screenshots@mozilla.org.xpi!/&#10;1563902211587	addons.xpi	DEBUG	Calling bootstrap method startup on screenshots@mozilla.org version 37.1.0&#10;1563902211588	addons.xpi	DEBUG	Loading bootstrap scope from jar:file:///C:/Program%20Files/Mozilla%20Firefox/browser/features/webcompat@mozilla.org.xpi!/&#10;1563902211588	addons.xpi	DEBUG	Calling bootstrap method startup on webcompat@mozilla.org version 4.0.0&#10;1563902211591	addons.manager	DEBUG	Registering shutdown blocker for XPIProvider&#10;1563902211591	addons.manager	DEBUG	Provider finished startup: XPIProvider&#10;1563902211591	addons.manager	DEBUG	Starting provider: LightweightThemeManager&#10;1563902211591	addons.manager	DEBUG	Registering shutdown blocker for LightweightThemeManager&#10;1563902211591	addons.manager	DEBUG	Provider finished startup: LightweightThemeManager&#10;1563902211592	addons.manager	DEBUG	Starting provider: GMPProvider&#10;1563902211596	addons.manager	DEBUG	Registering shutdown blocker for GMPProvider&#10;1563902211596	addons.manager	DEBUG	Provider finished startup: GMPProvider&#10;1563902211596	addons.manager	DEBUG	Starting provider: PluginProvider&#10;1563902211596	addons.manager	DEBUG	Registering shutdown blocker for PluginProvider&#10;1563902211596	addons.manager	DEBUG	Provider finished startup: PluginProvider&#10;1563902211609	addons.manager	DEBUG	Completed startup sequence&#10;*** Blocklist::_loadFileInternal: blocklist is disabled&#10;1563902213449	addons.xpi-utils	DEBUG	Starting async load of XPI database C:\Users\abhchauh0\AppData\Local\Temp\anonymous2892427950168710642webdriver-profile\extensions.json&#10;1563902213498	addons.xpi	DEBUG	Ignoring file: name is not a valid add-on ID: C:\Users\abhchauh0\AppData\Local\Temp\anonymous2892427950168710642webdriver-profile\extensions\webdriver-staging&#10;1563902213500	addons.xpi	DEBUG	Existing add-on formautofill@mozilla.org in app-system-defaults&#10;1563902213501	addons.xpi	DEBUG	Existing add-on fxmonitor@mozilla.org in app-system-defaults&#10;1563902213501	addons.xpi	DEBUG	Existing add-on screenshots@mozilla.org in app-system-defaults&#10;1563902213501	addons.xpi	DEBUG	Existing add-on webcompat-reporter@mozilla.org in app-system-defaults&#10;1563902213501	addons.xpi	DEBUG	Existing add-on webcompat@mozilla.org in app-system-defaults&#10;1563902213502	addons.xpi	DEBUG	scanForChanges changed: false, state: {}&#10;1563902213709	addons.xpi-utils	DEBUG	Finished async read of XPI database, parsing...&#10;1563902214021	addons.xpi-utils	DEBUG	Successfully read XPI database&#10;1563902214631	addons.manager	DEBUG	Registering upgrade listener for formautofill@mozilla.org&#10;&#10;Build info: version: &apos;2.45.0&apos;, revision: &apos;5017cb8e7ca8e37638dc3091b2440b90a1d8686f&apos;, time: &apos;2015-02-27 09:10:26&apos;&#10;System info: host: &apos;WKWIN3778446&apos;, ip: &apos;10.0.75.1&apos;, os.name: &apos;Windows 10&apos;, os.arch: &apos;amd64&apos;, os.version: &apos;10.0&apos;, java.version: &apos;1.8.0_181&apos;&#10;Driver info: driver.version: FirefoxDriver" type="org.openqa.selenium.WebDriverException">org.openqa.selenium.WebDriverException: 
Failed to connect to binary FirefoxBinary(C:\Program Files\Mozilla Firefox\firefox.exe) on port 7055; process output follows: 
[[]],"onMessage":[[]]}}}}},"staged":{},"path":"C:\\Program Files\\Mozilla Firefox\\browser\\features"}}
1563902211552	addons.xpi	DEBUG	Ignoring file: name is not a valid add-on ID: C:\Users\abhchauh0\AppData\Local\Temp\anonymous2892427950168710642webdriver-profile\extensions\webdriver-staging
1563902211554	addons.xpi	DEBUG	Existing add-on formautofill@mozilla.org in app-system-defaults
1563902211554	addons.xpi	DEBUG	Existing add-on fxmonitor@mozilla.org in app-system-defaults
1563902211555	addons.xpi	DEBUG	Existing add-on screenshots@mozilla.org in app-system-defaults
1563902211555	addons.xpi	DEBUG	Existing add-on webcompat-reporter@mozilla.org in app-system-defaults
1563902211556	addons.xpi	DEBUG	Existing add-on webcompat@mozilla.org in app-system-defaults
1563902211557	addons.xpi	DEBUG	scanForChanges changed: false, state: {}
1563902211558	addons.xpi	DEBUG	No changes found
1563902211567	addons.xpi	DEBUG	Loading bootstrap scope from jar:file:///C:/Program%20Files/Mozilla%20Firefox/browser/features/formautofill@mozilla.org.xpi!/
1563902211583	addons.xpi	DEBUG	Calling bootstrap method startup on formautofill@mozilla.org version 1.0
1563902211586	addons.xpi	DEBUG	Loading bootstrap scope from jar:file:///C:/Program%20Files/Mozilla%20Firefox/browser/features/fxmonitor@mozilla.org.xpi!/
1563902211586	addons.xpi	DEBUG	Calling bootstrap method startup on fxmonitor@mozilla.org version 3.0
1563902211587	addons.xpi	DEBUG	Loading bootstrap scope from jar:file:///C:/Program%20Files/Mozilla%20Firefox/browser/features/screenshots@mozilla.org.xpi!/
1563902211587	addons.xpi	DEBUG	Calling bootstrap method startup on screenshots@mozilla.org version 37.1.0
1563902211588	addons.xpi	DEBUG	Loading bootstrap scope from jar:file:///C:/Program%20Files/Mozilla%20Firefox/browser/features/webcompat@mozilla.org.xpi!/
1563902211588	addons.xpi	DEBUG	Calling bootstrap method startup on webcompat@mozilla.org version 4.0.0
1563902211591	addons.manager	DEBUG	Registering shutdown blocker for XPIProvider
1563902211591	addons.manager	DEBUG	Provider finished startup: XPIProvider
1563902211591	addons.manager	DEBUG	Starting provider: LightweightThemeManager
1563902211591	addons.manager	DEBUG	Registering shutdown blocker for LightweightThemeManager
1563902211591	addons.manager	DEBUG	Provider finished startup: LightweightThemeManager
1563902211592	addons.manager	DEBUG	Starting provider: GMPProvider
1563902211596	addons.manager	DEBUG	Registering shutdown blocker for GMPProvider
1563902211596	addons.manager	DEBUG	Provider finished startup: GMPProvider
1563902211596	addons.manager	DEBUG	Starting provider: PluginProvider
1563902211596	addons.manager	DEBUG	Registering shutdown blocker for PluginProvider
1563902211596	addons.manager	DEBUG	Provider finished startup: PluginProvider
1563902211609	addons.manager	DEBUG	Completed startup sequence
*** Blocklist::_loadFileInternal: blocklist is disabled
1563902213449	addons.xpi-utils	DEBUG	Starting async load of XPI database C:\Users\abhchauh0\AppData\Local\Temp\anonymous2892427950168710642webdriver-profile\extensions.json
1563902213498	addons.xpi	DEBUG	Ignoring file: name is not a valid add-on ID: C:\Users\abhchauh0\AppData\Local\Temp\anonymous2892427950168710642webdriver-profile\extensions\webdriver-staging
1563902213500	addons.xpi	DEBUG	Existing add-on formautofill@mozilla.org in app-system-defaults
1563902213501	addons.xpi	DEBUG	Existing add-on fxmonitor@mozilla.org in app-system-defaults
1563902213501	addons.xpi	DEBUG	Existing add-on screenshots@mozilla.org in app-system-defaults
1563902213501	addons.xpi	DEBUG	Existing add-on webcompat-reporter@mozilla.org in app-system-defaults
1563902213501	addons.xpi	DEBUG	Existing add-on webcompat@mozilla.org in app-system-defaults
1563902213502	addons.xpi	DEBUG	scanForChanges changed: false, state: {}
1563902213709	addons.xpi-utils	DEBUG	Finished async read of XPI database, parsing...
1563902214021	addons.xpi-utils	DEBUG	Successfully read XPI database
1563902214631	addons.manager	DEBUG	Registering upgrade listener for formautofill@mozilla.org

Build info: version: '2.45.0', revision: '5017cb8e7ca8e37638dc3091b2440b90a1d8686f', time: '2015-02-27 09:10:26'
System info: host: 'WKWIN3778446', ip: '10.0.75.1', os.name: 'Windows 10', os.arch: 'amd64', os.version: '10.0', java.version: '1.8.0_181'
Driver info: driver.version: FirefoxDriver
	at testng.NewTest.beforeTest(NewTest.java:19)
Caused by: org.openqa.selenium.firefox.NotConnectedException: 
Unable to connect to host 127.0.0.1 on port 7055 after 45000 ms. Firefox console output:
[[]],"onMessage":[[]]}}}}},"staged":{},"path":"C:\\Program Files\\Mozilla Firefox\\browser\\features"}}
1563902211552	addons.xpi	DEBUG	Ignoring file: name is not a valid add-on ID: C:\Users\abhchauh0\AppData\Local\Temp\anonymous2892427950168710642webdriver-profile\extensions\webdriver-staging
1563902211554	addons.xpi	DEBUG	Existing add-on formautofill@mozilla.org in app-system-defaults
1563902211554	addons.xpi	DEBUG	Existing add-on fxmonitor@mozilla.org in app-system-defaults
1563902211555	addons.xpi	DEBUG	Existing add-on screenshots@mozilla.org in app-system-defaults
1563902211555	addons.xpi	DEBUG	Existing add-on webcompat-reporter@mozilla.org in app-system-defaults
1563902211556	addons.xpi	DEBUG	Existing add-on webcompat@mozilla.org in app-system-defaults
1563902211557	addons.xpi	DEBUG	scanForChanges changed: false, state: {}
1563902211558	addons.xpi	DEBUG	No changes found
1563902211567	addons.xpi	DEBUG	Loading bootstrap scope from jar:file:///C:/Program%20Files/Mozilla%20Firefox/browser/features/formautofill@mozilla.org.xpi!/
1563902211583	addons.xpi	DEBUG	Calling bootstrap method startup on formautofill@mozilla.org version 1.0
1563902211586	addons.xpi	DEBUG	Loading bootstrap scope from jar:file:///C:/Program%20Files/Mozilla%20Firefox/browser/features/fxmonitor@mozilla.org.xpi!/
1563902211586	addons.xpi	DEBUG	Calling bootstrap method startup on fxmonitor@mozilla.org version 3.0
1563902211587	addons.xpi	DEBUG	Loading bootstrap scope from jar:file:///C:/Program%20Files/Mozilla%20Firefox/browser/features/screenshots@mozilla.org.xpi!/
1563902211587	addons.xpi	DEBUG	Calling bootstrap method startup on screenshots@mozilla.org version 37.1.0
1563902211588	addons.xpi	DEBUG	Loading bootstrap scope from jar:file:///C:/Program%20Files/Mozilla%20Firefox/browser/features/webcompat@mozilla.org.xpi!/
1563902211588	addons.xpi	DEBUG	Calling bootstrap method startup on webcompat@mozilla.org version 4.0.0
1563902211591	addons.manager	DEBUG	Registering shutdown blocker for XPIProvider
1563902211591	addons.manager	DEBUG	Provider finished startup: XPIProvider
1563902211591	addons.manager	DEBUG	Starting provider: LightweightThemeManager
1563902211591	addons.manager	DEBUG	Registering shutdown blocker for LightweightThemeManager
1563902211591	addons.manager	DEBUG	Provider finished startup: LightweightThemeManager
1563902211592	addons.manager	DEBUG	Starting provider: GMPProvider
1563902211596	addons.manager	DEBUG	Registering shutdown blocker for GMPProvider
1563902211596	addons.manager	DEBUG	Provider finished startup: GMPProvider
1563902211596	addons.manager	DEBUG	Starting provider: PluginProvider
1563902211596	addons.manager	DEBUG	Registering shutdown blocker for PluginProvider
1563902211596	addons.manager	DEBUG	Provider finished startup: PluginProvider
1563902211609	addons.manager	DEBUG	Completed startup sequence
*** Blocklist::_loadFileInternal: blocklist is disabled
1563902213449	addons.xpi-utils	DEBUG	Starting async load of XPI database C:\Users\abhchauh0\AppData\Local\Temp\anonymous2892427950168710642webdriver-profile\extensions.json
1563902213498	addons.xpi	DEBUG	Ignoring file: name is not a valid add-on ID: C:\Users\abhchauh0\AppData\Local\Temp\anonymous2892427950168710642webdriver-profile\extensions\webdriver-staging
1563902213500	addons.xpi	DEBUG	Existing add-on formautofill@mozilla.org in app-system-defaults
1563902213501	addons.xpi	DEBUG	Existing add-on fxmonitor@mozilla.org in app-system-defaults
1563902213501	addons.xpi	DEBUG	Existing add-on screenshots@mozilla.org in app-system-defaults
1563902213501	addons.xpi	DEBUG	Existing add-on webcompat-reporter@mozilla.org in app-system-defaults
1563902213501	addons.xpi	DEBUG	Existing add-on webcompat@mozilla.org in app-system-defaults
1563902213502	addons.xpi	DEBUG	scanForChanges changed: false, state: {}
1563902213709	addons.xpi-utils	DEBUG	Finished async read of XPI database, parsing...
1563902214021	addons.xpi-utils	DEBUG	Successfully read XPI database
1563902214631	addons.manager	DEBUG	Registering upgrade listener for formautofill@mozilla.org

	at testng.NewTest.beforeTest(NewTest.java:19)
</failure>
    <system-err><![CDATA[org.openqa.selenium.firefox.NotConnectedException: Unable to connect to host 127.0.0.1 on port 7055 after 45000 ms. Firefox console output:
[[]],"onMessage":[[]]}}}}},"staged":{},"path":"C:\\Program Files\\Mozilla Firefox\\browser\\features"}}
1563902211552	addons.xpi	DEBUG	Ignoring file: name is not a valid add-on ID: C:\Users\abhchauh0\AppData\Local\Temp\anonymous2892427950168710642webdriver-profile\extensions\webdriver-staging
1563902211554	addons.xpi	DEBUG	Existing add-on formautofill@mozilla.org in app-system-defaults
1563902211554	addons.xpi	DEBUG	Existing add-on fxmonitor@mozilla.org in app-system-defaults
1563902211555	addons.xpi	DEBUG	Existing add-on screenshots@mozilla.org in app-system-defaults
1563902211555	addons.xpi	DEBUG	Existing add-on webcompat-reporter@mozilla.org in app-system-defaults
1563902211556	addons.xpi	DEBUG	Existing add-on webcompat@mozilla.org in app-system-defaults
1563902211557	addons.xpi	DEBUG	scanForChanges changed: false, state: {}
1563902211558	addons.xpi	DEBUG	No changes found
1563902211567	addons.xpi	DEBUG	Loading bootstrap scope from jar:file:///C:/Program%20Files/Mozilla%20Firefox/browser/features/formautofill@mozilla.org.xpi!/
1563902211583	addons.xpi	DEBUG	Calling bootstrap method startup on formautofill@mozilla.org version 1.0
1563902211586	addons.xpi	DEBUG	Loading bootstrap scope from jar:file:///C:/Program%20Files/Mozilla%20Firefox/browser/features/fxmonitor@mozilla.org.xpi!/
1563902211586	addons.xpi	DEBUG	Calling bootstrap method startup on fxmonitor@mozilla.org version 3.0
1563902211587	addons.xpi	DEBUG	Loading bootstrap scope from jar:file:///C:/Program%20Files/Mozilla%20Firefox/browser/features/screenshots@mozilla.org.xpi!/
1563902211587	addons.xpi	DEBUG	Calling bootstrap method startup on screenshots@mozilla.org version 37.1.0
1563902211588	addons.xpi	DEBUG	Loading bootstrap scope from jar:file:///C:/Program%20Files/Mozilla%20Firefox/browser/features/webcompat@mozilla.org.xpi!/
1563902211588	addons.xpi	DEBUG	Calling bootstrap method startup on webcompat@mozilla.org version 4.0.0
1563902211591	addons.manager	DEBUG	Registering shutdown blocker for XPIProvider
1563902211591	addons.manager	DEBUG	Provider finished startup: XPIProvider
1563902211591	addons.manager	DEBUG	Starting provider: LightweightThemeManager
1563902211591	addons.manager	DEBUG	Registering shutdown blocker for LightweightThemeManager
1563902211591	addons.manager	DEBUG	Provider finished startup: LightweightThemeManager
1563902211592	addons.manager	DEBUG	Starting provider: GMPProvider
1563902211596	addons.manager	DEBUG	Registering shutdown blocker for GMPProvider
1563902211596	addons.manager	DEBUG	Provider finished startup: GMPProvider
1563902211596	addons.manager	DEBUG	Starting provider: PluginProvider
1563902211596	addons.manager	DEBUG	Registering shutdown blocker for PluginProvider
1563902211596	addons.manager	DEBUG	Provider finished startup: PluginProvider
1563902211609	addons.manager	DEBUG	Completed startup sequence
*** Blocklist::_loadFileInternal: blocklist is disabled
1563902213449	addons.xpi-utils	DEBUG	Starting async load of XPI database C:\Users\abhchauh0\AppData\Local\Temp\anonymous2892427950168710642webdriver-profile\extensions.json
1563902213498	addons.xpi	DEBUG	Ignoring file: name is not a valid add-on ID: C:\Users\abhchauh0\AppData\Local\Temp\anonymous2892427950168710642webdriver-profile\extensions\webdriver-staging
1563902213500	addons.xpi	DEBUG	Existing add-on formautofill@mozilla.org in app-system-defaults
1563902213501	addons.xpi	DEBUG	Existing add-on fxmonitor@mozilla.org in app-system-defaults
1563902213501	addons.xpi	DEBUG	Existing add-on screenshots@mozilla.org in app-system-defaults
1563902213501	addons.xpi	DEBUG	Existing add-on webcompat-reporter@mozilla.org in app-system-defaults
1563902213501	addons.xpi	DEBUG	Existing add-on webcompat@mozilla.org in app-system-defaults
1563902213502	addons.xpi	DEBUG	scanForChanges changed: false, state: {}
1563902213709	addons.xpi-utils	DEBUG	Finished async read of XPI database, parsing...
1563902214021	addons.xpi-utils	DEBUG	Successfully read XPI database
1563902214631	addons.manager	DEBUG	Registering upgrade listener for formautofill@mozilla.org

	at org.openqa.selenium.firefox.internal.NewProfileExtensionConnection.start(NewProfileExtensionConnection.java:118)
	at org.openqa.selenium.firefox.FirefoxDriver.startClient(FirefoxDriver.java:246)
	at org.openqa.selenium.remote.RemoteWebDriver.<init>(RemoteWebDriver.java:114)
	at org.openqa.selenium.firefox.FirefoxDriver.<init>(FirefoxDriver.java:191)
	at org.openqa.selenium.firefox.FirefoxDriver.<init>(FirefoxDriver.java:186)
	at org.openqa.selenium.firefox.FirefoxDriver.<init>(FirefoxDriver.java:182)
	at org.openqa.selenium.firefox.FirefoxDriver.<init>(FirefoxDriver.java:95)
	at testng.NewTest.beforeTest(NewTest.java:19)
	at sun.reflect.NativeMethodAccessorImpl.invoke0(Native Method)
	at sun.reflect.NativeMethodAccessorImpl.invoke(NativeMethodAccessorImpl.java:62)
	at sun.reflect.DelegatingMethodAccessorImpl.invoke(DelegatingMethodAccessorImpl.java:43)
	at java.lang.reflect.Method.invoke(Method.java:498)
	at org.testng.internal.MethodInvocationHelper.invokeMethod(MethodInvocationHelper.java:80)
	at org.testng.internal.Invoker.invokeConfigurationMethod(Invoker.java:564)
	at org.testng.internal.Invoker.invokeConfigurations(Invoker.java:213)
	at org.testng.internal.Invoker.invokeConfigurations(Invoker.java:138)
	at org.testng.TestRunner.beforeRun(TestRunner.java:641)
	at org.testng.TestRunner.run(TestRunner.java:609)
	at org.testng.SuiteRunner.runTest(SuiteRunner.java:334)
	at org.testng.SuiteRunner.runSequentially(SuiteRunner.java:329)
	at org.testng.SuiteRunner.privateRun(SuiteRunner.java:291)
	at org.testng.SuiteRunner.run(SuiteRunner.java:240)
	at org.testng.SuiteRunnerWorker.runSuite(SuiteRunnerWorker.java:52)
	at org.testng.SuiteRunnerWorker.run(SuiteRunnerWorker.java:86)
	at org.testng.TestNG.runSuitesSequentially(TestNG.java:1198)
	at org.testng.TestNG.runSuitesLocally(TestNG.java:1123)
	at org.testng.TestNG.run(TestNG.java:1031)
	at org.apache.maven.surefire.testng.TestNGExecutor.run(TestNGExecutor.java:135)
	at org.apache.maven.surefire.testng.TestNGDirectoryTestSuite.executeSingleClass(TestNGDirectoryTestSuite.java:112)
	at org.apache.maven.surefire.testng.TestNGDirectoryTestSuite.execute(TestNGDirectoryTestSuite.java:99)
	at org.apache.maven.surefire.testng.TestNGProvider.invoke(TestNGProvider.java:146)
	at org.apache.maven.surefire.booter.ForkedBooter.invokeProviderInSameClassLoader(ForkedBooter.java:384)
	at org.apache.maven.surefire.booter.ForkedBooter.runSuitesInProcess(ForkedBooter.java:345)
	at org.apache.maven.surefire.booter.ForkedBooter.execute(ForkedBooter.java:126)
	at org.apache.maven.surefire.booter.ForkedBooter.main(ForkedBooter.java:418)
]]></system-err>
  </testcase>
  <testcase name="testEasy" classname="testng.NewTest" time="0">
    <skipped/>
  </testcase>
  <testcase name="afterTest" classname="testng.NewTest" time="0">
    <skipped/>
  </testcase>
</testsuite>