<?xml version="1.0" encoding="UTF-8"?>
<testng-results skipped="0" failed="0" total="1" passed="1">
  <reporter-output>
  </reporter-output>
  <suite name="Surefire suite" duration-ms="20566" started-at="2019-07-23T18:20:31Z" finished-at="2019-07-23T18:20:51Z">
    <groups>
    </groups>
    <test name="Surefire test" duration-ms="20566" started-at="2019-07-23T18:20:31Z" finished-at="2019-07-23T18:20:51Z">
      <class name="testng.NewTest">
        <test-method status="PASS" signature="beforeTest()[pri:0, instance:testng.NewTest@13fee20c]" name="beforeTest" is-config="true" duration-ms="8819" started-at="2019-07-23T23:50:31Z" finished-at="2019-07-23T23:50:40Z">
          <reporter-output>
          </reporter-output>
        </test-method> <!-- beforeTest -->
        <test-method status="PASS" signature="testEasy()[pri:0, instance:testng.NewTest@13fee20c]" name="testEasy" duration-ms="6707" started-at="2019-07-23T23:50:40Z" finished-at="2019-07-23T23:50:46Z">
          <reporter-output>
          </reporter-output>
        </test-method> <!-- testEasy -->
        <test-method status="PASS" signature="afterTest()[pri:0, instance:testng.NewTest@13fee20c]" name="afterTest" is-config="true" duration-ms="5024" started-at="2019-07-23T23:50:46Z" finished-at="2019-07-23T23:50:51Z">
          <reporter-output>
          </reporter-output>
        </test-method> <!-- afterTest -->
      </class> <!-- testng.NewTest -->
    </test> <!-- Surefire test -->
  </suite> <!-- Surefire suite -->
</testng-results>
